This is pdfTeX, Version 3.141592653-2.6-1.40.24 (MiKTeX 22.1) (preloaded format=pdflatex 2022.4.26)  13 AUG 2022 14:36
entering extended mode
 restricted \write18 enabled.
 %&-line parsing enabled.
**./seminar.tex
(seminar.tex
LaTeX2e <2021-11-15> patch level 1
L3 programming layer <2022-04-20>
(/Library/Application Support/MiKTeX/texmfs/install/tex/latex/base/report.cls
Document Class: report 2021/10/04 v1.4n Standard LaTeX document class
(/Library/Application Support/MiKTeX/texmfs/install/tex/latex/base/size12.clo
File: size12.clo 2021/10/04 v1.4n Standard LaTeX file (size option)
)
\c@part=\count185
\c@chapter=\count186
\c@section=\count187
\c@subsection=\count188
\c@subsubsection=\count189
\c@paragraph=\count190
\c@subparagraph=\count191
\c@figure=\count192
\c@table=\count193
\abovecaptionskip=\skip47
\belowcaptionskip=\skip48
\bibindent=\dimen138
)
(/Library/Application Support/MiKTeX/texmfs/install/tex/latex/base/inputenc.sty
Package: inputenc 2021/02/14 v1.3d Input encoding file
\inpenc@prehook=\toks16
\inpenc@posthook=\toks17
)
(/Library/Application Support/MiKTeX/texmfs/install/tex/latex/amsmath/amsmath.s
ty
Package: amsmath 2021/10/15 v2.17l AMS math features
\@mathmargin=\skip49

For additional information on amsmath, use the `?' option.

(/Library/Application Support/MiKTeX/texmfs/install/tex/latex/amsmath/amstext.s
ty
Package: amstext 2021/08/26 v2.01 AMS text

(/Library/Application Support/MiKTeX/texmfs/install/tex/latex/amsmath/amsgen.st
y
File: amsgen.sty 1999/11/30 v2.0 generic functions
\@emptytoks=\toks18
\ex@=\dimen139
))
(/Library/Application Support/MiKTeX/texmfs/install/tex/latex/amsmath/amsbsy.st
y
Package: amsbsy 1999/11/29 v1.2d Bold Symbols
\pmbraise@=\dimen140
)
(/Library/Application Support/MiKTeX/texmfs/install/tex/latex/amsmath/amsopn.st
y
Package: amsopn 2021/08/26 v2.02 operator names
)
\inf@bad=\count194
LaTeX Info: Redefining \frac on input line 234.
\uproot@=\count195
\leftroot@=\count196
LaTeX Info: Redefining \overline on input line 399.
\classnum@=\count197
\DOTSCASE@=\count198
LaTeX Info: Redefining \ldots on input line 496.
LaTeX Info: Redefining \dots on input line 499.
LaTeX Info: Redefining \cdots on input line 620.
\Mathstrutbox@=\box50
\strutbox@=\box51
\big@size=\dimen141
LaTeX Font Info:    Redeclaring font encoding OML on input line 743.
LaTeX Font Info:    Redeclaring font encoding OMS on input line 744.
\macc@depth=\count199
\c@MaxMatrixCols=\count266
\dotsspace@=\muskip16
\c@parentequation=\count267
\dspbrk@lvl=\count268
\tag@help=\toks19
\row@=\count269
\column@=\count270
\maxfields@=\count271
\andhelp@=\toks20
\eqnshift@=\dimen142
\alignsep@=\dimen143
\tagshift@=\dimen144
\tagwidth@=\dimen145
\totwidth@=\dimen146
\lineht@=\dimen147
\@envbody=\toks21
\multlinegap=\skip50
\multlinetaggap=\skip51
\mathdisplay@stack=\toks22
LaTeX Info: Redefining \[ on input line 2938.
LaTeX Info: Redefining \] on input line 2939.
)
(/Library/Application Support/MiKTeX/texmfs/install/tex/latex/amsfonts/amssymb.
sty
Package: amssymb 2013/01/14 v3.01 AMS font symbols

(/Library/Application Support/MiKTeX/texmfs/install/tex/latex/amsfonts/amsfonts
.sty
Package: amsfonts 2013/01/14 v3.01 Basic AMSFonts support
\symAMSa=\mathgroup4
\symAMSb=\mathgroup5
LaTeX Font Info:    Redeclaring math symbol \hbar on input line 98.
LaTeX Font Info:    Overwriting math alphabet `\mathfrak' in version `bold'
(Font)                  U/euf/m/n --> U/euf/b/n on input line 106.
))
(/Library/Application Support/MiKTeX/texmfs/install/tex/latex/graphics/graphicx
.sty
Package: graphicx 2021/09/16 v1.2d Enhanced LaTeX Graphics (DPC,SPQR)

(/Library/Application Support/MiKTeX/texmfs/install/tex/latex/graphics/keyval.s
ty
Package: keyval 2014/10/28 v1.15 key=value parser (DPC)
\KV@toks@=\toks23
)
(/Library/Application Support/MiKTeX/texmfs/install/tex/latex/graphics/graphics
.sty
Package: graphics 2021/03/04 v1.4d Standard LaTeX Graphics (DPC,SPQR)

(/Library/Application Support/MiKTeX/texmfs/install/tex/latex/graphics/trig.sty
Package: trig 2021/08/11 v1.11 sin cos tan (DPC)
)
(/Library/Application Support/MiKTeX/texmfs/install/tex/latex/graphics-cfg/grap
hics.cfg
File: graphics.cfg 2016/06/04 v1.11 sample graphics configuration
)
Package graphics Info: Driver file: pdftex.def on input line 107.

(/Library/Application Support/MiKTeX/texmfs/install/tex/latex/graphics-def/pdft
ex.def
File: pdftex.def 2020/10/05 v1.2a Graphics/color driver for pdftex
))
\Gin@req@height=\dimen148
\Gin@req@width=\dimen149
)
(/Users/sudhan/Library/Application Support/MiKTeX/texmfs/install/tex/latex/subf
ig/subfig.sty
Package: subfig 2005/06/28 ver: 1.3 subfig package

(/Users/sudhan/Library/Application Support/MiKTeX/texmfs/install/tex/latex/capt
ion/caption.sty
Package: caption 2022/03/01 v3.6b Customizing captions (AR)

(/Users/sudhan/Library/Application Support/MiKTeX/texmfs/install/tex/latex/capt
ion/caption3.sty
Package: caption3 2022/03/17 v2.3b caption3 kernel (AR)
\caption@tempdima=\dimen150
\captionmargin=\dimen151
\caption@leftmargin=\dimen152
\caption@rightmargin=\dimen153
\caption@width=\dimen154
\caption@indent=\dimen155
\caption@parindent=\dimen156
\caption@hangindent=\dimen157
Package caption Info: Standard document class detected.
)
\c@caption@flags=\count272
\c@continuedfloat=\count273
)
\c@KVtest=\count274
\sf@farskip=\skip52
\sf@captopadj=\dimen158
\sf@capskip=\skip53
\sf@nearskip=\skip54
\c@subfigure=\count275
\c@subfigure@save=\count276
\c@lofdepth=\count277
\c@subtable=\count278
\c@subtable@save=\count279
\c@lotdepth=\count280
\sf@top=\skip55
\sf@bottom=\skip56
)
(/Library/Application Support/MiKTeX/texmfs/install/tex/latex/tools/indentfirst
.sty
Package: indentfirst 1995/11/23 v1.03 Indent first paragraph (DPC)
)
(/Library/Application Support/MiKTeX/texmfs/install/tex/latex/tools/verbatim.st
y
Package: verbatim 2020-07-07 v1.5u LaTeX2e package for verbatim enhancements
\every@verbatim=\toks24
\verbatim@line=\toks25
\verbatim@in@stream=\read2
)
(/Library/Application Support/MiKTeX/texmfs/install/tex/latex/base/textcomp.sty
Package: textcomp 2020/02/02 v2.0n Standard LaTeX package
)
(/Users/sudhan/Library/Application Support/MiKTeX/texmfs/install/tex/latex/was/
gensymb.sty
Package: gensymb 2003/07/02 v1.0 (WaS)
)
(/Library/Application Support/MiKTeX/texmfs/install/tex/latex/ragged2e/ragged2e
.sty
Package: ragged2e 2021/12/15 v3.1 ragged2e Package
\CenteringLeftskip=\skip57
\RaggedLeftLeftskip=\skip58
\RaggedRightLeftskip=\skip59
\CenteringRightskip=\skip60
\RaggedLeftRightskip=\skip61
\RaggedRightRightskip=\skip62
\CenteringParfillskip=\skip63
\RaggedLeftParfillskip=\skip64
\RaggedRightParfillskip=\skip65
\JustifyingParfillskip=\skip66
\CenteringParindent=\skip67
\RaggedLeftParindent=\skip68
\RaggedRightParindent=\skip69
\JustifyingParindent=\skip70
)
(/Users/sudhan/Library/Application Support/MiKTeX/texmfs/install/tex/latex/rels
ize/relsize.sty
Package: relsize 2013/03/29 ver 4.1
)
(/Users/sudhan/Library/Application Support/MiKTeX/texmfs/install/tex/latex/floa
t/float.sty
Package: float 2001/11/08 v1.3d Float enhancements (AL)
\c@float@type=\count281
\float@exts=\toks26
\float@box=\box52
\@float@everytoks=\toks27
\@floatcapt=\box53
)
(/Users/sudhan/Library/Application Support/MiKTeX/texmfs/install/tex/latex/sets
pace/setspace.sty
Package: setspace 2011/12/19 v6.7a set line spacing
)
(/Users/sudhan/Library/Application Support/MiKTeX/texmfs/install/tex/latex/titl
esec/titlesec.sty
Package: titlesec 2021/07/05 v2.14 Sectioning titles
\ttl@box=\box54
\beforetitleunit=\skip71
\aftertitleunit=\skip72
\ttl@plus=\dimen159
\ttl@minus=\dimen160
\ttl@toksa=\toks28
\titlewidth=\dimen161
\titlewidthlast=\dimen162
\titlewidthfirst=\dimen163
)
(/Users/sudhan/Library/Application Support/MiKTeX/texmfs/install/tex/latex/plac
eins/placeins.sty
Package: placeins 2005/04/18  v 2.2
)
(/Users/sudhan/Library/Application Support/MiKTeX/texmfs/install/tex/latex/book
tabs/booktabs.sty
Package: booktabs 2020/01/12 v1.61803398 Publication quality tables
\heavyrulewidth=\dimen164
\lightrulewidth=\dimen165
\cmidrulewidth=\dimen166
\belowrulesep=\dimen167
\belowbottomsep=\dimen168
\aboverulesep=\dimen169
\abovetopsep=\dimen170
\cmidrulesep=\dimen171
\cmidrulekern=\dimen172
\defaultaddspace=\dimen173
\@cmidla=\count282
\@cmidlb=\count283
\@aboverulesep=\dimen174
\@belowrulesep=\dimen175
\@thisruleclass=\count284
\@lastruleclass=\count285
\@thisrulewidth=\dimen176
)
(/Users/sudhan/Library/Application Support/MiKTeX/texmfs/install/tex/latex/colo
rtbl/colortbl.sty
Package: colortbl 2020/01/04 v1.0e Color table columns (DPC)

(/Library/Application Support/MiKTeX/texmfs/install/tex/latex/tools/array.sty
Package: array 2021/10/04 v2.5f Tabular extension package (FMi)
\col@sep=\dimen177
\ar@mcellbox=\box55
\extrarowheight=\dimen178
\NC@list=\toks29
\extratabsurround=\skip73
\backup@length=\skip74
\ar@cellbox=\box56
)
(/Library/Application Support/MiKTeX/texmfs/install/tex/latex/graphics/color.st
y
Package: color 2021/12/07 v1.3c Standard LaTeX Color (DPC)

(/Library/Application Support/MiKTeX/texmfs/install/tex/latex/graphics-cfg/colo
r.cfg
File: color.cfg 2016/01/02 v1.6 sample color configuration
)
Package color Info: Driver file: pdftex.def on input line 149.
)
\everycr=\toks30
\minrowclearance=\skip75
)
(/Library/Application Support/MiKTeX/texmfs/install/tex/latex/url/url.sty
\Urlmuskip=\muskip17
Package: url 2013/09/16  ver 3.4  Verb mode for urls, etc.
)
(/Library/Application Support/MiKTeX/texmfs/install/tex/latex/etoolbox/etoolbox
.sty
Package: etoolbox 2020/10/05 v2.5k e-TeX tools for LaTeX (JAW)
\etb@tempcnta=\count286
)
(/Library/Application Support/MiKTeX/texmfs/install/tex/latex/hyperref/hyperref
.sty
Package: hyperref 2022-02-21 v7.00n Hypertext links for LaTeX

(/Users/sudhan/Library/Application Support/MiKTeX/texmfs/install/tex/generic/lt
xcmds/ltxcmds.sty
Package: ltxcmds 2020-05-10 v1.25 LaTeX kernel commands for general use (HO)
)
(/Library/Application Support/MiKTeX/texmfs/install/tex/generic/iftex/iftex.sty
Package: iftex 2022/02/03 v1.0f TeX engine tests
)
(/Library/Application Support/MiKTeX/texmfs/install/tex/generic/pdftexcmds/pdft
excmds.sty
Package: pdftexcmds 2020-06-27 v0.33 Utility functions of pdfTeX for LuaTeX (HO
)

(/Users/sudhan/Library/Application Support/MiKTeX/texmfs/install/tex/generic/in
fwarerr/infwarerr.sty
Package: infwarerr 2019/12/03 v1.5 Providing info/warning/error messages (HO)
)
Package pdftexcmds Info: \pdf@primitive is available.
Package pdftexcmds Info: \pdf@ifprimitive is available.
Package pdftexcmds Info: \pdfdraftmode found.
)
(/Users/sudhan/Library/Application Support/MiKTeX/texmfs/install/tex/generic/kv
setkeys/kvsetkeys.sty
Package: kvsetkeys 2019/12/15 v1.18 Key value parser (HO)
)
(/Users/sudhan/Library/Application Support/MiKTeX/texmfs/install/tex/generic/kv
definekeys/kvdefinekeys.sty
Package: kvdefinekeys 2019-12-19 v1.6 Define keys (HO)
)
(/Users/sudhan/Library/Application Support/MiKTeX/texmfs/install/tex/generic/pd
fescape/pdfescape.sty
Package: pdfescape 2019/12/09 v1.15 Implements pdfTeX's escape features (HO)
)
(/Users/sudhan/Library/Application Support/MiKTeX/texmfs/install/tex/latex/hyco
lor/hycolor.sty
Package: hycolor 2020-01-27 v1.10 Color options for hyperref/bookmark (HO)
)
(/Users/sudhan/Library/Application Support/MiKTeX/texmfs/install/tex/latex/letl
txmacro/letltxmacro.sty
Package: letltxmacro 2019/12/03 v1.6 Let assignment for LaTeX macros (HO)
)
(/Users/sudhan/Library/Application Support/MiKTeX/texmfs/install/tex/latex/auxh
ook/auxhook.sty
Package: auxhook 2019-12-17 v1.6 Hooks for auxiliary files (HO)
)
(/Users/sudhan/Library/Application Support/MiKTeX/texmfs/install/tex/latex/kvop
tions/kvoptions.sty
Package: kvoptions 2020-10-07 v3.14 Key value format for package options (HO)
)
\@linkdim=\dimen179
\Hy@linkcounter=\count287
\Hy@pagecounter=\count288

(/Library/Application Support/MiKTeX/texmfs/install/tex/latex/hyperref/pd1enc.d
ef
File: pd1enc.def 2022-02-21 v7.00n Hyperref: PDFDocEncoding definition (HO)
Now handling font encoding PD1 ...
... no UTF-8 mapping file for font encoding PD1
)
(/Users/sudhan/Library/Application Support/MiKTeX/texmfs/install/tex/generic/in
tcalc/intcalc.sty
Package: intcalc 2019/12/15 v1.3 Expandable calculations with integers (HO)
)
(/Users/sudhan/Library/Application Support/MiKTeX/texmfs/install/tex/generic/et
excmds/etexcmds.sty
Package: etexcmds 2019/12/15 v1.7 Avoid name clashes with e-TeX commands (HO)
)
\Hy@SavedSpaceFactor=\count289

(/Library/Application Support/MiKTeX/texmfs/install/tex/latex/hyperref/puenc.de
f
File: puenc.def 2022-02-21 v7.00n Hyperref: PDF Unicode definition (HO)
Now handling font encoding PU ...
... no UTF-8 mapping file for font encoding PU
)
Package hyperref Info: Option `colorlinks' set `true' on input line 4018.
Package hyperref Info: Option `bookmarks' set `false' on input line 4018.
Package hyperref Info: Option `hypertexnames' set `true' on input line 4018.
Package hyperref Info: Hyper figures OFF on input line 4137.
Package hyperref Info: Link nesting OFF on input line 4142.
Package hyperref Info: Hyper index ON on input line 4145.
Package hyperref Info: Plain pages OFF on input line 4152.
Package hyperref Info: Backreferencing OFF on input line 4157.
Package hyperref Info: Implicit mode ON; LaTeX internals redefined.
Package hyperref Info: Bookmarks OFF on input line 4396.
\c@Hy@tempcnt=\count290
LaTeX Info: Redefining \url on input line 4749.
\XeTeXLinkMargin=\dimen180

(/Users/sudhan/Library/Application Support/MiKTeX/texmfs/install/tex/generic/bi
tset/bitset.sty
Package: bitset 2019/12/09 v1.3 Handle bit-vector datatype (HO)

(/Users/sudhan/Library/Application Support/MiKTeX/texmfs/install/tex/generic/bi
gintcalc/bigintcalc.sty
Package: bigintcalc 2019/12/15 v1.5 Expandable calculations on big integers (HO
)
))
\Fld@menulength=\count291
\Field@Width=\dimen181
\Fld@charsize=\dimen182
Package hyperref Info: Hyper figures OFF on input line 6027.
Package hyperref Info: Link nesting OFF on input line 6032.
Package hyperref Info: Hyper index ON on input line 6035.
Package hyperref Info: backreferencing OFF on input line 6042.
Package hyperref Info: Link coloring ON on input line 6045.
Package hyperref Info: Link coloring with OCG OFF on input line 6052.
Package hyperref Info: PDF/A mode OFF on input line 6057.
LaTeX Info: Redefining \ref on input line 6097.
LaTeX Info: Redefining \pageref on input line 6101.

(/Library/Application Support/MiKTeX/texmfs/install/tex/latex/base/atbegshi-ltx
.sty
Package: atbegshi-ltx 2021/01/10 v1.0c Emulation of the original atbegshi
package with kernel methods
)
\Hy@abspage=\count292
\c@Item=\count293
\c@Hfootnote=\count294
)
Package hyperref Info: Driver (autodetected): hpdftex.

(/Library/Application Support/MiKTeX/texmfs/install/tex/latex/hyperref/hpdftex.
def
File: hpdftex.def 2022-02-21 v7.00n Hyperref driver for pdfTeX

(/Library/Application Support/MiKTeX/texmfs/install/tex/latex/base/atveryend-lt
x.sty
Package: atveryend-ltx 2020/08/19 v1.0a Emulation of the original atveryend pac
kage
with kernel methods
)
\Fld@listcount=\count295
\c@bookmark@seq@number=\count296

(/Users/sudhan/Library/Application Support/MiKTeX/texmfs/install/tex/latex/reru
nfilecheck/rerunfilecheck.sty
Package: rerunfilecheck 2019/12/05 v1.9 Rerun checks for auxiliary files (HO)

(/Users/sudhan/Library/Application Support/MiKTeX/texmfs/install/tex/generic/un
iquecounter/uniquecounter.sty
Package: uniquecounter 2019/12/15 v1.4 Provide unlimited unique counter (HO)
)
Package uniquecounter Info: New unique counter `rerunfilecheck' on input line 2
86.
)
\Hy@SectionHShift=\skip76
)
(/Users/sudhan/Library/Application Support/MiKTeX/texmfs/install/tex/latex/geom
etry/geometry.sty
Package: geometry 2020/01/02 v5.9 Page Geometry

(/Library/Application Support/MiKTeX/texmfs/install/tex/generic/iftex/ifvtex.st
y
Package: ifvtex 2019/10/25 v1.7 ifvtex legacy package. Use iftex instead.
)
\Gm@cnth=\count297
\Gm@cntv=\count298
\c@Gm@tempcnt=\count299
\Gm@bindingoffset=\dimen183
\Gm@wd@mp=\dimen184
\Gm@odd@mp=\dimen185
\Gm@even@mp=\dimen186
\Gm@layoutwidth=\dimen187
\Gm@layoutheight=\dimen188
\Gm@layouthoffset=\dimen189
\Gm@layoutvoffset=\dimen190
\Gm@dimlist=\toks31

(/Users/sudhan/Library/Application Support/MiKTeX/texmfs/install/tex/latex/geom
etry/geometry.cfg))
(/Library/Application Support/MiKTeX/texmfs/install/tex/latex/l3backend/l3backe
nd-pdftex.def
File: l3backend-pdftex.def 2022-04-20 L3 backend support: PDF output (pdfTeX)
\l__color_backend_stack_int=\count300
\l__pdf_internal_box=\box57
) (seminar.aux)
\openout1 = `seminar.aux'.

LaTeX Font Info:    Checking defaults for OML/cmm/m/it on input line 51.
LaTeX Font Info:    ... okay on input line 51.
LaTeX Font Info:    Checking defaults for OMS/cmsy/m/n on input line 51.
LaTeX Font Info:    ... okay on input line 51.
LaTeX Font Info:    Checking defaults for OT1/cmr/m/n on input line 51.
LaTeX Font Info:    ... okay on input line 51.
LaTeX Font Info:    Checking defaults for T1/cmr/m/n on input line 51.
LaTeX Font Info:    ... okay on input line 51.
LaTeX Font Info:    Checking defaults for TS1/cmr/m/n on input line 51.
LaTeX Font Info:    ... okay on input line 51.
LaTeX Font Info:    Checking defaults for OMX/cmex/m/n on input line 51.
LaTeX Font Info:    ... okay on input line 51.
LaTeX Font Info:    Checking defaults for U/cmr/m/n on input line 51.
LaTeX Font Info:    ... okay on input line 51.
LaTeX Font Info:    Checking defaults for PD1/pdf/m/n on input line 51.
LaTeX Font Info:    ... okay on input line 51.
LaTeX Font Info:    Checking defaults for PU/pdf/m/n on input line 51.
LaTeX Font Info:    ... okay on input line 51.

(/Library/Application Support/MiKTeX/texmfs/install/tex/context/base/mkii/supp-
pdf.mkii
[Loading MPS to PDF converter (version 2006.09.02).]
\scratchcounter=\count301
\scratchdimen=\dimen191
\scratchbox=\box58
\nofMPsegments=\count302
\nofMParguments=\count303
\everyMPshowfont=\toks32
\MPscratchCnt=\count304
\MPscratchDim=\dimen192
\MPnumerator=\count305
\makeMPintoPDFobject=\count306
\everyMPtoPDFconversion=\toks33
)
(/Library/Application Support/MiKTeX/texmfs/install/tex/latex/epstopdf-pkg/epst
opdf-base.sty
Package: epstopdf-base 2020-01-24 v2.11 Base part for package epstopdf
Package epstopdf-base Info: Redefining graphics rule for `.eps' on input line 4
85.

(/Library/Application Support/MiKTeX/texmfs/install/tex/latex/00miktex/epstopdf
-sys.cfg
File: epstopdf-sys.cfg 2021/03/18 v2.0 Configuration of epstopdf for MiKTeX
))
Package caption Info: Begin \AtBeginDocument code.
Package caption Info: subfig package v1.3 is loaded.
Package caption Info: float package is loaded.
Package caption Info: hyperref package is loaded.
Package caption Info: End \AtBeginDocument code.
\symgns@font=\mathgroup6
LaTeX Font Info:    Overwriting symbol font `gns@font' in version `bold'
(Font)                  TS1/cmr/m/n --> TS1/cmr/b/n on input line 51.
Package gensymb Info: Math companion symbols declared on input line 51.
LaTeX Info: Redefining \degree on input line 51.
LaTeX Info: Redefining \celsius on input line 51.
Package gensymb Info: Using text companion symbols for \degree, \celsius and \p
erthousand on input line 51.
LaTeX Info: Redefining \ohm on input line 51.
Package gensymb Info: Using \textohm for \ohm on input line 51.
Package gensymb Info: Using \textmu for \micro on input line 51.
Package hyperref Info: Link coloring ON on input line 51.

(/Library/Application Support/MiKTeX/texmfs/install/tex/latex/hyperref/nameref.
sty
Package: nameref 2021-04-02 v2.47 Cross-referencing by name of section

(/Users/sudhan/Library/Application Support/MiKTeX/texmfs/install/tex/latex/refc
ount/refcount.sty
Package: refcount 2019/12/15 v3.6 Data extraction from label references (HO)
)
(/Users/sudhan/Library/Application Support/MiKTeX/texmfs/install/tex/generic/ge
ttitlestring/gettitlestring.sty
Package: gettitlestring 2019/12/15 v1.6 Cleanup title references (HO)
)
\c@section@level=\count307
)
LaTeX Info: Redefining \ref on input line 51.
LaTeX Info: Redefining \pageref on input line 51.
LaTeX Info: Redefining \nameref on input line 51.

*geometry* driver: auto-detecting
*geometry* detected driver: pdftex
*geometry* verbose mode - [ preamble ] result:
* driver: pdftex
* paper: a4paper
* layout: <same size as paper>
* layoutoffset:(h,v)=(0.0pt,0.0pt)
* bindingoffset: 14.22636pt
* modes: 
* h-part:(L,W,R)=(56.9055pt, 469.4705pt, 56.9055pt)
* v-part:(T,H,B)=(56.9055pt, 731.23584pt, 56.9055pt)
* \paperwidth=597.50787pt
* \paperheight=845.04684pt
* \textwidth=469.4705pt
* \textheight=731.23584pt
* \oddsidemargin=-1.13812pt
* \evensidemargin=-15.36449pt
* \topmargin=-52.36449pt
* \headheight=12.0pt
* \headsep=25.0pt
* \topskip=12.0pt
* \footskip=30.0pt
* \marginparwidth=35.0pt
* \marginparsep=10.0pt
* \columnsep=10.0pt
* \skip\footins=10.8pt plus 4.0pt minus 2.0pt
* \hoffset=0.0pt
* \voffset=0.0pt
* \mag=1000
* \@twocolumnfalse
* \@twosidefalse
* \@mparswitchfalse
* \@reversemarginfalse
* (1in=72.27pt=25.4mm, 1cm=28.453pt)

<images/Logo.png, id=3, 219.82124pt x 117.43875pt>
File: images/Logo.png Graphic file (type png)
<use images/Logo.png>
Package pdftex.def Info: images/Logo.png  used on input line 58.
(pdftex.def)             Requested size: 284.52756pt x 152.01268pt.
[1

{/Users/sudhan/Library/Application Support/MiKTeX/texmfs/data/fonts/map/pdftex/
pdftex.map} <./images/Logo.png>]
File: images/Logo.png Graphic file (type png)
<use images/Logo.png>
Package pdftex.def Info: images/Logo.png  used on input line 92.
(pdftex.def)             Requested size: 284.52756pt x 152.01268pt.
LaTeX Font Info:    Trying to load font information for U+msa on input line 105
.

(/Library/Application Support/MiKTeX/texmfs/install/tex/latex/amsfonts/umsa.fd
File: umsa.fd 2013/01/14 v3.01 AMS symbols A
)
LaTeX Font Info:    Trying to load font information for U+msb on input line 105
.
(/Library/Application Support/MiKTeX/texmfs/install/tex/latex/amsfonts/umsb.fd
File: umsb.fd 2013/01/14 v3.01 AMS symbols B
) [1]
Overfull \hbox (7.52264pt too wide) in paragraph at lines 121--122
\OT1/cmr/bx/n/12 \Performance Analysis of Word Embedding Models for Nepali Text
 Classification"
 []


Underfull \hbox (badness 10000) in paragraph at lines 121--122

 []


Underfull \hbox (badness 10000) in paragraph at lines 127--127
\OT1/cmr/m/n/12 Science and Information
 []


Underfull \hbox (badness 10000) in paragraph at lines 127--128
[]|\OT1/cmr/m/n/12 Central Department of
 []


Underfull \hbox (badness 10000) in paragraph at lines 127--128
\OT1/cmr/m/n/12 Computer Science and
 []


Overfull \hbox (24.28447pt too wide) in paragraph at lines 123--129
 [] 
 []

[2

]
Underfull \hbox (badness 10000) in paragraph at lines 149--154

 []

[3] [4

] (seminar.toc [5

])
\tf@toc=\write3
\openout3 = `seminar.toc'.

 [6] (seminar.lof)
\tf@lof=\write4
\openout4 = `seminar.lof'.

 [7

] (seminar.lot)
\tf@lot=\write5
\openout5 = `seminar.lot'.

 [8

] [9

]
(Chapters/ch01/ch01.tex
Chapter 1.
<images/intro.png, id=193, 397.485pt x 243.747pt>
File: images/intro.png Graphic file (type png)
<use images/intro.png>
Package pdftex.def Info: images/intro.png  used on input line 8.
(pdftex.def)             Requested size: 284.52756pt x 174.48233pt.

pdfTeX warning (ext4): destination with the same identifier (name{page.1}) has 
been already used, duplicate ignored
<to be read again> 
                   \relax 
l.15 \subsection{Problem Statement}
                                    [1

]
Overfull \hbox (16.76067pt too wide) in paragraph at lines 22--23
[]\OT1/cmr/m/n/12 To implement SVM and Random Forest Machine learning algorithm
s for text classification. 
 []

[2 <./images/intro.png>]) (Chapters/ch02/ch02.tex
Chapter 2.
) (Chapters/ch03/ch03.tex
Underfull \hbox (badness 10000) in paragraph at lines 2--1

 []

[3


] [4]
Chapter 3.
<images/methodology.png, id=223, 381.279pt x 252.945pt>
File: images/methodology.png Graphic file (type png)
<use images/methodology.png>
Package pdftex.def Info: images/methodology.png  used on input line 6.
(pdftex.def)             Requested size: 284.52756pt x 188.77039pt.
[5

 <./images/methodology.png>]
<images/Word2Vec.png, id=232, 378.41376pt x 214.8025pt>
File: images/Word2Vec.png Graphic file (type png)
<use images/Word2Vec.png>
Package pdftex.def Info: images/Word2Vec.png  used on input line 42.
(pdftex.def)             Requested size: 284.52756pt x 161.51117pt.
 [6]
Overfull \hbox (16.41335pt too wide) in paragraph at lines 53--54
\OT1/cmr/m/n/12 dimensionality N*D, while the hidden layer is typically 300 uni
ts and learns dense representation.
 []

<images/ELMO.png, id=239, 402.4125pt x 231.5925pt>
File: images/ELMO.png Graphic file (type png)
<use images/ELMO.png>
Package pdftex.def Info: images/ELMO.png  used on input line 59.
(pdftex.def)             Requested size: 284.52756pt x 163.74979pt.
[7 <./images/Word2Vec.png>]
<images/SVM.png, id=247, 313.17pt x 276.03125pt>
File: images/SVM.png Graphic file (type png)
<use images/SVM.png>
Package pdftex.def Info: images/SVM.png  used on input line 68.
(pdftex.def)             Requested size: 284.52756pt x 250.7929pt.

Underfull \hbox (badness 10000) in paragraph at lines 65--71

 []

[8 <./images/ELMO.png>]
<images/randomforest.jpg, id=255, 867.24pt x 441.65pt>
File: images/randomforest.jpg Graphic file (type jpg)
<use images/randomforest.jpg>
Package pdftex.def Info: images/randomforest.jpg  used on input line 83.
(pdftex.def)             Requested size: 284.52756pt x 144.89583pt.

Overfull \hbox (5.45096pt too wide) in paragraph at lines 79--86
[]\OT1/cmr/m/n/12 Random forest is a supervised machine learning algorithm that
 is used widely in classificati-
 []


Underfull \hbox (badness 10000) in paragraph at lines 79--86

 []

[9 <./images/SVM.png>]
Overfull \hbox (5.15929pt too wide) in paragraph at lines 87--92
\OT1/cmr/m/n/12 Step4: final output is considered based on majority voting or a
verage for the news classification 
 []

[10 <./images/randomforest.jpg>]) (Chapters/ch04/ch04.tex [11]
Chapter 4.

Overfull \hbox (9.85924pt too wide) in paragraph at lines 2--3
[]\OT1/cmr/m/n/12 The implementation include in this seminar report is carried 
out in the python programming
 []


Overfull \hbox (6.46066pt too wide) in paragraph at lines 19--20
[]\OT1/cmr/m/n/12 After the data collection process has been completed, the pre
processing task is inaugurated.
 []

[12

] [13]) (Chapters/ch05/ch05.tex [14]
Chapter 5.
<images/preprocessing1.png, id=285, 390.45876pt x 90.3375pt>
File: images/preprocessing1.png Graphic file (type png)
<use images/preprocessing1.png>
Package pdftex.def Info: images/preprocessing1.png  used on input line 7.
(pdftex.def)             Requested size: 284.52756pt x 65.8314pt.
<images/preprocessing2.png, id=287, 384.43625pt x 86.3225pt>
File: images/preprocessing2.png Graphic file (type png)
<use images/preprocessing2.png>
Package pdftex.def Info: images/preprocessing2.png  used on input line 14.
(pdftex.def)             Requested size: 284.52756pt x 63.89343pt.
[15

 <./images/preprocessing1.png>]
Underfull \hbox (badness 10000) in paragraph at lines 36--36
[]|\OT1/cmr/m/n/12 Training
 []

<images/Word2Vec_fixed_window_line.png, id=296, 237.88875pt x 170.6375pt>
File: images/Word2Vec_fixed_window_line.png Graphic file (type png)
<use images/Word2Vec_fixed_window_line.png>
Package pdftex.def Info: images/Word2Vec_fixed_window_line.png  used on input l
ine 44.
(pdftex.def)             Requested size: 284.52756pt x 204.10262pt.
[16 <./images/preprocessing2.png>]
Underfull \hbox (badness 10000) in paragraph at lines 62--62
[]|\OT1/cmr/m/n/12 Training
 []

[17 <./images/Word2Vec_fixed_window_line.png>]
<images/SVM_accuracy_for_different_window.png, id=311, 274.02374pt x 200.75pt>
File: images/SVM_accuracy_for_different_window.png Graphic file (type png)
<use images/SVM_accuracy_for_different_window.png>
Package pdftex.def Info: images/SVM_accuracy_for_different_window.png  used on 
input line 107.
(pdftex.def)             Requested size: 284.52756pt x 208.46262pt.
 [18 <./images/SVM_accuracy_for_different_window.png>]
<images/SVM_accuracy_for_different_minimum_count.png, id=319, 352.31625pt x 257
.96375pt>
File: images/SVM_accuracy_for_different_minimum_count.png Graphic file (type pn
g)
<use images/SVM_accuracy_for_different_minimum_count.png>
Package pdftex.def Info: images/SVM_accuracy_for_different_minimum_count.png  u
sed on input line 134.
(pdftex.def)             Requested size: 284.52756pt x 208.32756pt.
<images/ELMO_for_SVM.png, id=321, 405.515pt x 158.5925pt>
File: images/ELMO_for_SVM.png Graphic file (type png)
<use images/ELMO_for_SVM.png>
Package pdftex.def Info: images/ELMO_for_SVM.png  used on input line 141.
(pdftex.def)             Requested size: 284.52756pt x 111.27774pt.
 [19 <./images/SVM_accuracy_for_different_minimum_count.png> <./images/ELMO_for
_SVM.png>]
<images/Randomforest_acccuracy_different_windowsize.png, id=330, 311.1625pt x 2
07.77625pt>
File: images/Randomforest_acccuracy_different_windowsize.png Graphic file (type
 png)
<use images/Randomforest_acccuracy_different_windowsize.png>
Package pdftex.def Info: images/Randomforest_acccuracy_different_windowsize.png
  used on input line 169.
(pdftex.def)             Requested size: 284.52756pt x 189.9929pt.
<images/Random_forest_accuracy_for_different_minimum_count.png, id=332, 314.173
75pt x 205.76875pt>
File: images/Random_forest_accuracy_for_different_minimum_count.png Graphic fil
e (type png)
<use images/Random_forest_accuracy_for_different_minimum_count.png>
Package pdftex.def Info: images/Random_forest_accuracy_for_different_minimum_co
unt.png  used on input line 195.
(pdftex.def)             Requested size: 284.52756pt x 186.36128pt.
 [20 <./images/Randomforest_acccuracy_different_windowsize.png>]
<images/Random_forest_for_ELMO.png, id=339, 350.30875pt x 150.5625pt>
File: images/Random_forest_for_ELMO.png Graphic file (type png)
<use images/Random_forest_for_ELMO.png>
Package pdftex.def Info: images/Random_forest_for_ELMO.png  used on input line 
202.
(pdftex.def)             Requested size: 284.52756pt x 122.29726pt.
) (Chapters/ch06/ch06.tex [21 <./images/Random_forest_accuracy_for_different_mi
nimum_count.png> <./images/Random_forest_for_ELMO.png>]
Chapter 6.
) (seminar.bbl [22

]) [23

] (Chapters/appendix/appendix.tex
<images/Data_scrap.png, id=355, 427.3785pt x 294.993pt>
File: images/Data_scrap.png Graphic file (type png)
<use images/Data_scrap.png>
Package pdftex.def Info: images/Data_scrap.png  used on input line 4.
(pdftex.def)             Requested size: 426.79134pt x 294.58714pt.

Underfull \hbox (badness 10000) in paragraph at lines 1--5

 []

<images/Word2Vec_model_train.png, id=356, 431.6125pt x 171.64125pt>
File: images/Word2Vec_model_train.png Graphic file (type png)
<use images/Word2Vec_model_train.png>
Package pdftex.def Info: images/Word2Vec_model_train.png  used on input line 10
.
(pdftex.def)             Requested size: 426.79134pt x 169.72891pt.
<images/ELMO_model_train.png, id=357, 452.69125pt x 197.73875pt>
File: images/ELMO_model_train.png Graphic file (type png)
<use images/ELMO_model_train.png>
Package pdftex.def Info: images/ELMO_model_train.png  used on input line 16.
(pdftex.def)             Requested size: 426.79134pt x 186.42358pt.
[24

 <./images/Data_scrap.png> <./images/Word2Vec_model_train.png>]
<images/Stop_words.png, id=366, 404.51125pt x 415.5525pt>
File: images/Stop_words.png Graphic file (type png)
<use images/Stop_words.png>
Package pdftex.def Info: images/Stop_words.png  used on input line 22.
(pdftex.def)             Requested size: 426.79134pt x 438.44815pt.
) [25 <./images/ELMO_model_train.png> <./images/Stop_words.png>] (seminar.aux) 
) 
Here is how much of TeX's memory you used:
 12993 strings out of 480482
 216319 string characters out of 2892312
 498700 words of memory out of 3000000
 30614 multiletter control sequences out of 15000+600000
 477696 words of font info for 58 fonts, out of 8000000 for 9000
 0 hyphenation exceptions out of 8191
 69i,11n,79p,876b,388s stack positions out of 5000i,500n,10000p,200000b,80000s
 </Users/sudhan/Library/Application Support/MiKTeX/texmfs/data/fonts/pk/ljfour
/jknappen/ec/dpi600/tcrm1200.pk></Library/Application Support/MiKTeX/texmfs/ins
tall/fonts/type1/public/amsfonts/cm/cmbx12.pfb></Library/Application Support/Mi
KTeX/texmfs/install/fonts/type1/public/amsfonts/cm/cmmi12.pfb></Library/Applica
tion Support/MiKTeX/texmfs/install/fonts/type1/public/amsfonts/cm/cmr12.pfb></L
ibrary/Application Support/MiKTeX/texmfs/install/fonts/type1/public/amsfonts/cm
/cmsy10.pfb></Library/Application Support/MiKTeX/texmfs/install/fonts/type1/pub
lic/amsfonts/cm/cmti12.pfb>
Output written on seminar.pdf (35 pages, 1677653 bytes).
PDF statistics:
 425 PDF objects out of 1000 (max. 8388607)
 113 named destinations out of 1000 (max. 500000)
 101 words of extra memory for PDF output out of 10000 (max. 10000000)

